C51 COMPILER V9.60.7.0   ADS1115                                                           09/16/2024 20:38:20 PAGE 1   


C51 COMPILER V9.60.7.0, COMPILATION OF MODULE ADS1115
OBJECT MODULE PLACED IN .\Objects\ADS1115.obj
COMPILER INVOKED BY: D:\Chuong trinh\KeilC_v5\C51\BIN\C51.EXE ..\Lib\ADS1115.c OPTIMIZE(8,SPEED) BROWSE DEBUG OBJECTEXTE
                    -ND PRINT(.\Listings\ADS1115.lst) TABS(2) OBJECT(.\Objects\ADS1115.obj)

line level    source

   1          #include <REGX52.H>
   2          #include "I2C.h"
   3          
*** WARNING C316 IN LINE 3 OF ..\Lib\ADS1115.c: unterminated conditionals


MODULE INFORMATION:   STATIC OVERLAYABLE
   CODE SIZE        =   ----    ----
   CONSTANT SIZE    =   ----    ----
   XDATA SIZE       =   ----    ----
   PDATA SIZE       =   ----    ----
   DATA SIZE        =   ----    ----
   IDATA SIZE       =   ----    ----
   BIT SIZE         =   ----    ----
END OF MODULE INFORMATION.


C51 COMPILATION COMPLETE.  1 WARNING(S),  0 ERROR(S)
