C51 COMPILER V9.60.7.0   I2C                                                               10/15/2024 23:12:06 PAGE 1   


C51 COMPILER V9.60.7.0, COMPILATION OF MODULE I2C
OBJECT MODULE PLACED IN .\Objects\I2C.obj
COMPILER INVOKED BY: D:\Chuong trinh\KeilC_v5\C51\BIN\C51.EXE ..\Lib\I2C.c OPTIMIZE(8,SPEED) BROWSE DEBUG OBJECTEXTEND P
                    -RINT(.\Listings\I2C.lst) TABS(2) OBJECT(.\Objects\I2C.obj)

line level    source

   1          #include <REGX52.H>
   2          #include "intrins.h"
   3          
   4          sbit I2C_SCL = P3^3;
   5          sbit I2C_SDA = P3^4;
   6          
   7          void I2C_Delay()
   8          {
   9   1        _nop_() ; _nop_() ;  _nop_() ; _nop_() ; _nop_() ;
  10   1      }
  11          
  12          void I2C_Init()
  13          {
  14   1        I2C_SCL = 1;
  15   1        I2C_SDA = 1;
  16   1      }
  17          
  18          void I2C_Start()
  19          {
  20   1        I2C_SCL = 1;
  21   1        I2C_Delay();
  22   1        I2C_SDA = 0;
  23   1        I2C_Delay();
  24   1        I2C_SCL = 0;
  25   1      }
  26          
  27          void I2C_Stop()
  28          {
  29   1        I2C_SDA = 0;
  30   1        I2C_Delay();
  31   1        I2C_SCL = 1;
  32   1        I2C_Delay();
  33   1        I2C_SDA = 1;
  34   1      }
  35          
  36          bit I2C_Get_Ack()
  37          {
  38   1        bit result;
  39   1        I2C_SDA = 1;
  40   1        I2C_Delay();
  41   1        I2C_SCL = 1;
  42   1        I2C_Delay();
  43   1        result = I2C_SDA;
  44   1        I2C_SCL = 0;
  45   1        return result;
  46   1      }
  47          
  48          bit I2C_Write(unsigned char dat)
  49          {
  50   1        unsigned char i;
  51   1        for(i=0;i<8;i++)
  52   1        {
  53   2          I2C_SDA = (bit)(dat&0x80);  
  54   2          I2C_SCL = 1;
C51 COMPILER V9.60.7.0   I2C                                                               10/15/2024 23:12:06 PAGE 2   

  55   2          I2C_Delay();
  56   2          I2C_SCL = 0;
  57   2          dat<<=1;
  58   2        }
  59   1        return(I2C_Get_Ack());
  60   1      }
  61          
  62          void I2C_Ack()
  63          {
  64   1        I2C_SDA = 0;
  65   1        I2C_Delay();
  66   1        I2C_SCL = 1;
  67   1        I2C_Delay();
  68   1        I2C_SCL = 0;
  69   1      }
  70          
  71          void I2C_Nak()
  72          {
  73   1        I2C_SDA = 1;
  74   1        I2C_Delay();
  75   1        I2C_SCL = 1;
  76   1        I2C_Delay();
  77   1        I2C_SCL = 0;
  78   1      }
  79          
  80          unsigned char I2C_Read(bit ack)
  81          {
  82   1          unsigned char i, dat=0;
  83   1          for(i=0;i<8;i++)
  84   1          {
  85   2           I2C_SDA = 1;
  86   2           I2C_Delay();
  87   2           I2C_SCL = 1;
  88   2           I2C_Delay();
  89   2           dat <<= 1;
  90   2           if(I2C_SDA)
  91   2            {
  92   3             dat |= 0x01;
  93   3            }
  94   2           I2C_SCL = 0;
  95   2          }
  96   1        if(ack)
  97   1        {
  98   2          I2C_Ack();
  99   2        }
 100   1        else
 101   1        {
 102   2          I2C_Nak();
 103   2        }
 104   1          return dat;
 105   1      }
 106          


MODULE INFORMATION:   STATIC OVERLAYABLE
   CODE SIZE        =    121    ----
   CONSTANT SIZE    =   ----    ----
   XDATA SIZE       =   ----    ----
   PDATA SIZE       =   ----    ----
   DATA SIZE        =   ----    ----
   IDATA SIZE       =   ----    ----
   BIT SIZE         =   ----       2
C51 COMPILER V9.60.7.0   I2C                                                               10/15/2024 23:12:06 PAGE 3   

END OF MODULE INFORMATION.


C51 COMPILATION COMPLETE.  0 WARNING(S),  0 ERROR(S)
