C51 COMPILER V9.60.7.0   LCD_16_2                                                          09/18/2024 09:58:44 PAGE 1   


C51 COMPILER V9.60.7.0, COMPILATION OF MODULE LCD_16_2
OBJECT MODULE PLACED IN .\Objects\LCD_16_2.obj
COMPILER INVOKED BY: D:\Chuong trinh\KeilC_v5\C51\BIN\C51.EXE ..\Lib\LCD_16_2.c OPTIMIZE(8,SPEED) BROWSE DEBUG OBJECTEXT
                    -END PRINT(.\Listings\LCD_16_2.lst) TABS(2) OBJECT(.\Objects\LCD_16_2.obj)

line level    source

   1          //4 bit 16x2 LCD Library
   2          
   3          #include <REGX52.H>
   4          #include "Delay.h"
   5          #include <intrins.h>
   6          
   7          sbit LCD_RS = P2^0;
   8          sbit LCD_RW = P2^1; 
   9          sbit LCD_EN = P2^2; 
  10          sbit LCD_D4 = P2^4; //Define LCD's pins
  11          sbit LCD_D5 = P2^5;
  12          sbit LCD_D6 = P2^6;
  13          sbit LCD_D7 = P2^7;
  14          
  15          unsigned int t;
  16          unsigned int x;
  17          
  18          void Delay_us(unsigned int t){
  19   1        for(x = 0; x < t;  x++)
  20   1          _nop_();
  21   1      }
  22          
  23          void LCD_Enable(){
  24   1          LCD_EN =1;
  25   1          Delay_us(3);
  26   1          LCD_EN =0;
  27   1          Delay_us(50); 
  28   1      }
  29          
  30          void LCD_Send4Bit(unsigned char Data){
  31   1           LCD_D4=Data & 0x01;
  32   1           LCD_D5=(Data>>1)&1;
  33   1           LCD_D6=(Data>>2)&1;
  34   1           LCD_D7=(Data>>3)&1;
  35   1      }
  36          
  37          void LCD_SendCommand(unsigned char command){
  38   1           LCD_Send4Bit(command >>4);
  39   1           LCD_Enable();
  40   1           LCD_Send4Bit(command); 
  41   1           LCD_Enable();
  42   1      }
  43          
  44          void LCD_Clear(){
  45   1            LCD_SendCommand(0x01); 
  46   1            Delay_us(10);
  47   1      }
  48          
  49          void LCD_Init(){ //Put this before using the LCD
  50   1            LCD_Send4Bit(0x00);   
  51   1            Delay_ms(20);
  52   1            LCD_RS=0;
  53   1            LCD_RW=0;
  54   1            LCD_Send4Bit(0x03);  
C51 COMPILER V9.60.7.0   LCD_16_2                                                          09/18/2024 09:58:44 PAGE 2   

  55   1            LCD_Enable();
  56   1            Delay_ms(5);
  57   1            LCD_Enable();
  58   1            Delay_us(100);
  59   1            LCD_Enable();
  60   1            LCD_Send4Bit(0x02);   
  61   1            LCD_Enable();
  62   1            LCD_SendCommand( 0x28 ); 
  63   1            LCD_SendCommand( 0x0c);  
  64   1            LCD_SendCommand( 0x06 );
  65   1            LCD_SendCommand(0x01);
  66   1      }
  67          
  68          void LCD_Gotoxy(unsigned char x, unsigned char y){
  69   1            unsigned char address;
  70   1            if(!y)
  71   1              address=(0x80+x);
  72   1            else 
  73   1              address=(0xc0+x);
  74   1            Delay_us(1000);
  75   1            LCD_SendCommand(address);
  76   1            Delay_us(50);
  77   1      }
  78          
  79          void LCD_PutChar(unsigned char Data){
  80   1            LCD_RS=1;
  81   1            LCD_SendCommand(Data);
  82   1            LCD_RS=0 ;
  83   1      }
  84          
  85          void LCD_Puts(char *s){
  86   1            while (*s){
  87   2               LCD_PutChar(*s);
  88   2             s++;
  89   2              }
  90   1      }
  91          


MODULE INFORMATION:   STATIC OVERLAYABLE
   CODE SIZE        =    231    ----
   CONSTANT SIZE    =   ----    ----
   XDATA SIZE       =   ----    ----
   PDATA SIZE       =   ----    ----
   DATA SIZE        =      4    ----
   IDATA SIZE       =   ----    ----
   BIT SIZE         =   ----    ----
END OF MODULE INFORMATION.


C51 COMPILATION COMPLETE.  0 WARNING(S),  0 ERROR(S)
